<?xml version="1.0" encoding="utf-8"?><testsuites><testsuite name="pytest" errors="0" failures="0" skipped="0" tests="52" time="3.683" timestamp="2021-05-17T01:30:35.256606" hostname="fv-az48-209"><testcase classname="zdevelop.tests.test_framerate.TestTimebaseBasics" name="test_equality" time="0.002" /><testcase classname="zdevelop.tests.test_framerate.TestTimebaseBasics" name="test_equality_usupported_type" time="0.001" /><testcase classname="zdevelop.tests.test_framerate.TestTimebaseBasics" name="test_parse_drop_frame" time="0.001" /><testcase classname="zdevelop.tests.test_framerate.TestTimebaseBasics" name="test_parse_error_drop_frame_bad_value" time="0.001" /><testcase classname="zdevelop.tests.test_framerate.TestTimebaseBasics" name="test_repr" time="0.001" /><testcase classname="zdevelop.tests.test_framerate.TestTimebaseBasics" name="test_timebase_parse" time="0.015" /><testcase classname="zdevelop.tests.test_premiere_ticks.TestPremiereTicks" name="test_abs" time="0.001" /><testcase classname="zdevelop.tests.test_premiere_ticks.TestPremiereTicks" name="test_add" time="0.001" /><testcase classname="zdevelop.tests.test_premiere_ticks.TestPremiereTicks" name="test_add_int" time="0.001" /><testcase classname="zdevelop.tests.test_premiere_ticks.TestPremiereTicks" name="test_ceil" time="0.001" /><testcase classname="zdevelop.tests.test_premiere_ticks.TestPremiereTicks" name="test_divmod" time="0.001" /><testcase classname="zdevelop.tests.test_premiere_ticks.TestPremiereTicks" name="test_divmod_int" time="0.001" /><testcase classname="zdevelop.tests.test_premiere_ticks.TestPremiereTicks" name="test_floor" time="0.001" /><testcase classname="zdevelop.tests.test_premiere_ticks.TestPremiereTicks" name="test_floor_div" time="0.001" /><testcase classname="zdevelop.tests.test_premiere_ticks.TestPremiereTicks" name="test_floor_div_int" time="0.001" /><testcase classname="zdevelop.tests.test_premiere_ticks.TestPremiereTicks" name="test_mod" time="0.001" /><testcase classname="zdevelop.tests.test_premiere_ticks.TestPremiereTicks" name="test_mod_int" time="0.001" /><testcase classname="zdevelop.tests.test_premiere_ticks.TestPremiereTicks" name="test_mul" time="0.001" /><testcase classname="zdevelop.tests.test_premiere_ticks.TestPremiereTicks" name="test_mul_int" time="0.001" /><testcase classname="zdevelop.tests.test_premiere_ticks.TestPremiereTicks" name="test_neg" time="0.001" /><testcase classname="zdevelop.tests.test_premiere_ticks.TestPremiereTicks" name="test_radd" time="0.001" /><testcase classname="zdevelop.tests.test_premiere_ticks.TestPremiereTicks" name="test_rdivmod" time="0.001" /><testcase classname="zdevelop.tests.test_premiere_ticks.TestPremiereTicks" name="test_rfloor_div" time="0.001" /><testcase classname="zdevelop.tests.test_premiere_ticks.TestPremiereTicks" name="test_rmod" time="0.001" /><testcase classname="zdevelop.tests.test_premiere_ticks.TestPremiereTicks" name="test_rmul" time="0.001" /><testcase classname="zdevelop.tests.test_premiere_ticks.TestPremiereTicks" name="test_rsub" time="0.001" /><testcase classname="zdevelop.tests.test_premiere_ticks.TestPremiereTicks" name="test_sub" time="0.001" /><testcase classname="zdevelop.tests.test_premiere_ticks.TestPremiereTicks" name="test_sub_int" time="0.001" /><testcase classname="zdevelop.tests.test_timecode.TestParse" name="test_error_invalid_drop_frame_value_2997" time="0.001" /><testcase classname="zdevelop.tests.test_timecode.TestParse" name="test_error_invalid_drop_frame_value_5994" time="0.001" /><testcase classname="zdevelop.tests.test_timecode.TestParse" name="test_error_none_framerate" time="0.001" /><testcase classname="zdevelop.tests.test_timecode.TestParse" name="test_error_on_class_with_rate" time="0.001" /><testcase classname="zdevelop.tests.test_timecode.TestParse" name="test_error_parse_bad_string" time="0.001" /><testcase classname="zdevelop.tests.test_timecode.TestParse" name="test_error_parse_unsupported_type" time="0.001" /><testcase classname="zdevelop.tests.test_timecode.TestParse" name="test_parse_from_other" time="0.001" /><testcase classname="zdevelop.tests.test_timecode.TestParse" name="test_parse_overflows" time="0.002" /><testcase classname="zdevelop.tests.test_timecode.TestParse" name="test_parse_timecode" time="0.053" /><testcase classname="zdevelop.tests.test_timecode.TestParse" name="test_parse_timeline_tc" time="1.470" /><testcase classname="zdevelop.tests.test_timecode.TestParse" name="test_partial_runtime" time="0.002" /><testcase classname="zdevelop.tests.test_timecode.TestParse" name="test_partial_timecodes" time="0.003" /><testcase classname="zdevelop.tests.test_timecode.TestMagicMethods" name="test_abs" time="0.002" /><testcase classname="zdevelop.tests.test_timecode.TestMagicMethods" name="test_compare" time="0.027" /><testcase classname="zdevelop.tests.test_timecode.TestMagicMethods" name="test_compare_not_implemented" time="0.001" /><testcase classname="zdevelop.tests.test_timecode.TestMagicMethods" name="test_divmod" time="0.010" /><testcase classname="zdevelop.tests.test_timecode.TestMagicMethods" name="test_multiply" time="0.004" /><testcase classname="zdevelop.tests.test_timecode.TestMagicMethods" name="test_neg" time="0.001" /><testcase classname="zdevelop.tests.test_timecode.TestMagicMethods" name="test_sort_timecodes" time="0.002" /><testcase classname="zdevelop.tests.test_timecode.TestMagicMethods" name="test_timeline_addition" time="1.441" /><testcase classname="zdevelop.tests.test_timecode.TestTimecodeMethods" name="test_rebase" time="0.001" /><testcase classname="zdocs.source.guide.rst" name="guide.rst" time="0.038" /><testcase classname="zdocs.source.index.rst" name="index.rst" time="0.007" /><testcase classname="README.md" name="README.md" time="0.007" /></testsuite></testsuites>